<?xml version="1.0" encoding="UTF-8"?>
<testsuite name="com.wookey.project.client.blog.application.GetBlogContents" tests="1" skipped="0" failures="0" errors="0" timestamp="2023-03-21T06:27:47" hostname="ip-172-30-1-49.ap-northeast-2.compute.internal" time="0.034">
  <properties/>
  <testcase name="Then: 블로그 컨텐츠 정보를 반환한다." classname="com.wookey.project.client.blog.application.GetBlogContents" time="0.034"/>
  <system-out><![CDATA[15:27:45.866 [pool-1-thread-1 @coroutine#3] DEBUG io.mockk.impl.instantiation.AbstractMockFactory - Creating mockk for BlogClientFactory name=#1
15:27:46.248 [pool-2-thread-1 @coroutine#4] DEBUG io.mockk.impl.instantiation.AbstractMockFactory - Creating mockk for KaKaoBlogClientPort name=#2
15:27:46.872 [pool-2-thread-1 @coroutine#4] DEBUG io.mockk.impl.instantiation.AbstractMockFactory - Creating mockk for BlogClient name=child of #1#3
15:27:46.879 [pool-2-thread-1 @coroutine#4] DEBUG io.mockk.impl.instantiation.AbstractMockFactory - Creating mockk for KakaoBlogClient name=#4
15:27:46.954 [pool-2-thread-1 @coroutine#4] DEBUG io.mockk.impl.instantiation.AbstractMockFactory - Creating mockk for BlogContents name=child of #2#5
15:27:47.006 [pool-2-thread-1 @coroutine#4] DEBUG io.mockk.impl.instantiation.AbstractMockFactory - Creating mockk for Pair name=child of #4#6
15:27:47.025 [pool-2-thread-1 @coroutine#4] DEBUG io.mockk.impl.recording.states.AnsweringState - Answering com.wookey.project.client.blog.application.KakaoBlogClient@3f2cc42c on BlogClientFactory(#1).getTargetClient(KAKAO)
15:27:47.026 [pool-2-thread-1 @coroutine#4] DEBUG io.mockk.impl.recording.states.AnsweringState - Answering com.wookey.project.client.blog.adapter.KakaoBlogContents@21a38d71 on KaKaoBlogClientPort(#2).getBlogContents(BlogRequest(query=하남 맛집, page=1, size=10, sort=RECENCY, source=KAKAO))
]]></system-out>
  <system-err><![CDATA[]]></system-err>
</testsuite>
