<?xml version="1.0" encoding="UTF-8"?>
<testsuite name="com.wookey.project.client.blog.application.GetBlogContents" tests="1" skipped="0" failures="0" errors="0" timestamp="2023-03-21T15:10:43" hostname="wookeyui-MacBookPro.local" time="0.035">
  <properties/>
  <testcase name="Then: 블로그 컨텐츠 정보를 반환한다." classname="com.wookey.project.client.blog.application.GetBlogContents" time="0.035"/>
  <system-out><![CDATA[00:10:42.448 [pool-1-thread-1 @coroutine#3] DEBUG io.mockk.impl.instantiation.AbstractMockFactory - Creating mockk for BlogClientFactory name=#1
00:10:42.871 [pool-2-thread-1 @coroutine#4] DEBUG io.mockk.impl.instantiation.AbstractMockFactory - Creating mockk for KaKaoBlogClientPort name=#2
00:10:43.548 [pool-2-thread-1 @coroutine#4] DEBUG io.mockk.impl.instantiation.AbstractMockFactory - Creating mockk for BlogClient name=child of #1#3
00:10:43.555 [pool-2-thread-1 @coroutine#4] DEBUG io.mockk.impl.instantiation.AbstractMockFactory - Creating mockk for KakaoBlogClient name=#4
00:10:43.634 [pool-2-thread-1 @coroutine#4] DEBUG io.mockk.impl.instantiation.AbstractMockFactory - Creating mockk for BlogContents name=child of #2#5
00:10:43.693 [pool-2-thread-1 @coroutine#4] DEBUG io.mockk.impl.instantiation.AbstractMockFactory - Creating mockk for Pair name=child of #4#6
00:10:43.713 [pool-2-thread-1 @coroutine#4] DEBUG io.mockk.impl.recording.states.AnsweringState - Answering com.wookey.project.client.blog.application.KakaoBlogClient@4dde2906 on BlogClientFactory(#1).getTargetClient(KAKAO)
00:10:43.713 [pool-2-thread-1 @coroutine#4] DEBUG io.mockk.impl.recording.states.AnsweringState - Answering com.wookey.project.client.blog.adapter.KakaoBlogContents@1f12e9d7 on KaKaoBlogClientPort(#2).getBlogContents(BlogRequest(query=하남 맛집, page=1, size=10, sort=RECENCY, source=KAKAO))
]]></system-out>
  <system-err><![CDATA[]]></system-err>
</testsuite>
