<?xml version="1.0" encoding="UTF-8"?>
<testsuite name="com.wookey.project.client.blog.application.GetBlogContents" tests="1" skipped="0" failures="0" errors="0" timestamp="2023-03-21T15:44:51" hostname="wookeyui-MacBookPro.local" time="0.035">
  <properties/>
  <testcase name="Then: 블로그 컨텐츠 정보를 반환한다." classname="com.wookey.project.client.blog.application.GetBlogContents" time="0.035"/>
  <system-out><![CDATA[00:44:50.663 [pool-1-thread-1 @coroutine#3] DEBUG io.mockk.impl.instantiation.AbstractMockFactory - Creating mockk for BlogClientFactory name=#1
00:44:51.082 [pool-2-thread-1 @coroutine#4] DEBUG io.mockk.impl.instantiation.AbstractMockFactory - Creating mockk for KaKaoBlogClientPort name=#2
00:44:51.723 [pool-2-thread-1 @coroutine#4] DEBUG io.mockk.impl.instantiation.AbstractMockFactory - Creating mockk for BlogClient name=child of #1#3
00:44:51.730 [pool-2-thread-1 @coroutine#4] DEBUG io.mockk.impl.instantiation.AbstractMockFactory - Creating mockk for KakaoBlogClient name=#4
00:44:51.809 [pool-2-thread-1 @coroutine#4] DEBUG io.mockk.impl.instantiation.AbstractMockFactory - Creating mockk for BlogContents name=child of #2#5
00:44:51.858 [pool-2-thread-1 @coroutine#4] DEBUG io.mockk.impl.instantiation.AbstractMockFactory - Creating mockk for Pair name=child of #4#6
00:44:51.876 [pool-2-thread-1 @coroutine#4] DEBUG io.mockk.impl.recording.states.AnsweringState - Answering com.wookey.project.client.blog.application.KakaoBlogClient@6b4d57ab on BlogClientFactory(#1).getTargetClient(KAKAO)
00:44:51.877 [pool-2-thread-1 @coroutine#4] DEBUG io.mockk.impl.recording.states.AnsweringState - Answering com.wookey.project.client.blog.adapter.KakaoBlogContents@2fd8dd1f on KaKaoBlogClientPort(#2).getBlogContents(BlogRequest(query=하남 맛집, page=1, size=10, sort=RECENCY, source=KAKAO))
]]></system-out>
  <system-err><![CDATA[]]></system-err>
</testsuite>
