<?xml version="1.0" encoding="UTF-8"?>
<testsuite name="com.wookey.project.search.blog.application.GetKeywordsTest" tests="1" skipped="0" failures="0" errors="0" timestamp="2023-03-21T15:11:13" hostname="wookeyui-MacBookPro.local" time="0.011">
  <properties/>
  <testcase name="Then: 블로그 검색 정보를 반환한다." classname="com.wookey.project.search.blog.application.GetKeywordsTest" time="0.011"/>
  <system-out><![CDATA[00:11:13.083 [pool-1-thread-1 @coroutine#5] DEBUG io.mockk.impl.instantiation.AbstractMockFactory - Creating mockk for BlogClientUseCase name=#7
00:11:13.084 [pool-1-thread-1 @coroutine#5] DEBUG io.mockk.impl.instantiation.AbstractMockFactory - Creating mockk for BlogSearchKeywordRepository name=#8
00:11:13.084 [pool-1-thread-1 @coroutine#5] DEBUG io.mockk.impl.instantiation.AbstractMockFactory - Creating mockk for BlogSearchLogRepository name=#9
00:11:13.122 [pool-3-thread-1 @coroutine#6] DEBUG io.mockk.impl.recording.states.AnsweringState - Answering [com.wookey.project.search.blog.domain.SearchKeyword@b68dedc, com.wookey.project.search.blog.domain.SearchKeyword@71fbe914, com.wookey.project.search.blog.domain.SearchKeyword@60873637] on BlogSearchKeywordRepository(#8).getKeywords(10, POPULAR)
]]></system-out>
  <system-err><![CDATA[]]></system-err>
</testsuite>
