<?xml version="1.0" encoding="UTF-8"?>
<testsuite name="com.wookey.project.search.blog.application.GetBlogContentsTest" tests="4" skipped="0" failures="0" errors="0" timestamp="2023-03-21T15:11:12" hostname="wookeyui-MacBookPro.local" time="0.089">
  <properties/>
  <testcase name="Then: 컨텐츠 결과값을 반환한다." classname="com.wookey.project.search.blog.application.GetBlogContentsTest" time="0.041"/>
  <testcase name="Then: ClientException이 발생한다." classname="com.wookey.project.search.blog.application.GetBlogContentsTest" time="0.008"/>
  <testcase name="Then: 컨텐츠 결과값을 반환한다." classname="com.wookey.project.search.blog.application.GetBlogContentsTest" time="0.002"/>
  <testcase name="Then: ClientException이 발생한다." classname="com.wookey.project.search.blog.application.GetBlogContentsTest" time="0.003"/>
  <system-out><![CDATA[00:11:11.799 [pool-1-thread-1 @coroutine#3] DEBUG io.mockk.impl.instantiation.AbstractMockFactory - Creating mockk for BlogClientUseCase name=#1
00:11:12.318 [pool-1-thread-1 @coroutine#3] DEBUG io.mockk.impl.instantiation.AbstractMockFactory - Creating mockk for BlogSearchKeywordRepository name=#2
00:11:12.349 [pool-1-thread-1 @coroutine#3] DEBUG io.mockk.impl.instantiation.AbstractMockFactory - Creating mockk for BlogSearchLogRepository name=#3
00:11:12.934 [pool-2-thread-1 @coroutine#4] DEBUG io.mockk.impl.instantiation.AbstractMockFactory - Creating mockk for Pair name=child of #1#4
00:11:12.969 [pool-2-thread-1 @coroutine#4] DEBUG io.mockk.impl.instantiation.AbstractMockFactory - Creating mockk for Unit name=child of #3#5
00:11:12.981 [pool-2-thread-1 @coroutine#4] DEBUG io.mockk.impl.instantiation.AbstractMockFactory - Creating mockk for Unit name=child of #2#6
00:11:13.006 [pool-2-thread-1 @coroutine#4] DEBUG io.mockk.impl.recording.states.AnsweringState - Answering ([com.wookey.project.client.blog.application.BlogClientResponse@127a9b8d], 1) on BlogClientUseCase(#1).getBlogContents(BlogRequest(query=wookey, page=1, size=10, sort=RECENCY, source=KAKAO))
00:11:13.007 [pool-2-thread-1 @coroutine#4] DEBUG io.mockk.impl.recording.states.AnsweringState - Answering kotlin.Unit on BlogSearchLogRepository(#3).save(BlogRequest(query=wookey, page=1, size=10, sort=RECENCY, source=KAKAO))
00:11:13.007 [pool-2-thread-1 @coroutine#4] DEBUG io.mockk.impl.recording.states.AnsweringState - Answering kotlin.Unit on BlogSearchKeywordRepository(#2).save(BlogRequest(query=wookey, page=1, size=10, sort=RECENCY, source=KAKAO))
00:11:13.041 [pool-2-thread-1 @coroutine#4] DEBUG io.mockk.impl.recording.states.AnsweringState - Throwing java.lang.RuntimeException on BlogClientUseCase(#1).getBlogContents(BlogRequest(query=wookey, page=1, size=10, sort=RECENCY, source=KAKAO))
00:11:13.046 [pool-2-thread-1 @coroutine#4] ERROR com.wookey.project.search.blog.application.BlogSearchService - KAKAO client error: null
00:11:13.046 [pool-2-thread-1 @coroutine#4] DEBUG io.mockk.impl.recording.states.AnsweringState - Throwing java.lang.RuntimeException on BlogClientUseCase(#1).getBlogContents(BlogRequest(query=wookey, page=1, size=10, sort=RECENCY, source=NAVER))
00:11:13.047 [pool-2-thread-1 @coroutine#4] ERROR com.wookey.project.search.blog.application.BlogSearchService - NAVER client error: null
WARN: Duplicated test name 블로그 조회가 정상적일 때. To disable this message, set DuplicateTestNameMode to None.
00:11:13.065 [pool-2-thread-1 @coroutine#4] DEBUG io.mockk.impl.recording.states.AnsweringState - Answering ([com.wookey.project.client.blog.application.BlogClientResponse@6b53f31b], 1) on BlogClientUseCase(#1).getBlogContents(BlogRequest(query=wookey, page=1, size=10, sort=RECENCY, source=KAKAO))
00:11:13.065 [pool-2-thread-1 @coroutine#4] DEBUG io.mockk.impl.recording.states.AnsweringState - Answering kotlin.Unit on BlogSearchLogRepository(#3).save(BlogRequest(query=wookey, page=1, size=10, sort=RECENCY, source=KAKAO))
00:11:13.066 [pool-2-thread-1 @coroutine#4] DEBUG io.mockk.impl.recording.states.AnsweringState - Answering kotlin.Unit on BlogSearchKeywordRepository(#2).save(BlogRequest(query=wookey, page=1, size=10, sort=RECENCY, source=KAKAO))
WARN: Duplicated test name 블로그 조회가 정상적이지 않을 때. To disable this message, set DuplicateTestNameMode to None.
00:11:13.074 [pool-2-thread-1 @coroutine#4] DEBUG io.mockk.impl.recording.states.AnsweringState - Throwing java.lang.RuntimeException on BlogClientUseCase(#1).getBlogContents(BlogRequest(query=wookey, page=1, size=10, sort=RECENCY, source=KAKAO))
00:11:13.075 [pool-2-thread-1 @coroutine#4] ERROR com.wookey.project.search.blog.application.BlogSearchService - KAKAO client error: null
00:11:13.075 [pool-2-thread-1 @coroutine#4] DEBUG io.mockk.impl.recording.states.AnsweringState - Throwing java.lang.RuntimeException on BlogClientUseCase(#1).getBlogContents(BlogRequest(query=wookey, page=1, size=10, sort=RECENCY, source=NAVER))
00:11:13.075 [pool-2-thread-1 @coroutine#4] ERROR com.wookey.project.search.blog.application.BlogSearchService - NAVER client error: null
]]></system-out>
  <system-err><![CDATA[]]></system-err>
</testsuite>
